<?xml version="1.0" encoding="UTF-8"?>
<!-- Generated by org.testng.reporters.JUnitReportReporter -->
<testsuite hostname="DESKTOP-8EA8TBM" failures="0" tests="3" name="test.ProductTest" time="36.954" errors="0" timestamp="2025-05-08T10:37:11 IST" skipped="0">
  <testcase classname="test.ProductTest" name="testProductDetails" time="15.151"/>
  <testcase classname="test.ProductTest" name="testProductListing" time="7.155"/>
  <testcase classname="test.ProductTest" name="testProductSearch" time="14.648"/>
</testsuite> <!-- test.ProductTest -->
