<?xml version="1.0" encoding="UTF-8"?>
<!-- Generated by org.testng.reporters.JUnitReportReporter -->
<testsuite hostname="DESKTOP-8EA8TBM" failures="0" tests="2" name="test.LoginTest" time="15.704" errors="0" timestamp="2025-05-12T23:56:57 IST" skipped="0">
  <testcase classname="test.LoginTest" name="testValidLogin" time="6.702"/>
  <testcase classname="test.LoginTest" name="testInvalidLogin" time="9.002"/>
</testsuite> <!-- test.LoginTest -->
