<?xml version="1.0" encoding="UTF-8"?>
<!-- Generated by org.testng.reporters.JUnitReportReporter -->
<testsuite hostname="DESKTOP-8EA8TBM" failures="0" tests="3" name="test.CartTest" time="52.252" errors="0" timestamp="2025-05-12T23:56:57 IST" skipped="0">
  <testcase classname="test.CartTest" name="testAddProductToCart" time="15.029"/>
  <testcase classname="test.CartTest" name="testRemoveProductFromCart" time="27.649"/>
  <testcase classname="test.CartTest" name="testCartTotal" time="9.574"/>
</testsuite> <!-- test.CartTest -->
