<?xml version="1.0" encoding="UTF-8"?>
<!-- Generated by org.testng.reporters.JUnitReportReporter -->
<testsuite hostname="DESKTOP-8EA8TBM" failures="0" tests="2" name="test.LoginTest" time="10.877" errors="0" timestamp="2025-05-09T13:05:27 IST" skipped="0">
  <testcase classname="test.LoginTest" name="testValidLogin" time="3.829"/>
  <testcase classname="test.LoginTest" name="testInvalidLogin" time="7.048"/>
</testsuite> <!-- test.LoginTest -->
