<?xml version="1.0" encoding="UTF-8"?>
<!-- Generated by org.testng.reporters.JUnitReportReporter -->
<testsuite hostname="DESKTOP-8EA8TBM" failures="0" tests="3" name="test.ProductTest" time="39.083" errors="0" timestamp="2025-05-12T23:56:57 IST" skipped="0">
  <testcase classname="test.ProductTest" name="testProductListing" time="12.573"/>
  <testcase classname="test.ProductTest" name="testProductSearch" time="13.570"/>
  <testcase classname="test.ProductTest" name="testProductDetails" time="12.940"/>
</testsuite> <!-- test.ProductTest -->
