<?xml version="1.0" encoding="UTF-8"?>
<!-- Generated by org.testng.reporters.JUnitReportReporter -->
<testsuite hostname="DESKTOP-8EA8TBM" failures="0" tests="1" name="test.CheckoutTest" time="14.196" errors="0" timestamp="2025-05-12T23:56:57 IST" skipped="0">
  <testcase classname="test.CheckoutTest" name="testCheckoutProcess" time="14.196"/>
</testsuite> <!-- test.CheckoutTest -->
